<?xml version="1.0" encoding="UTF-8"?>
<testsuite xmlns:xsi="http://www.w3.org/2001/XMLSchema-instance" xsi:noNamespaceSchemaLocation="https://maven.apache.org/surefire/maven-surefire-plugin/xsd/surefire-test-report.xsd" name="de.kreuzwerker.cdc.userservice.UserServiceApplicationTests" time="0.001" tests="1" errors="0" skipped="1" failures="0">
  <properties>
    <property name="gopherProxySet" value="false"/>
    <property name="awt.toolkit" value="sun.lwawt.macosx.LWCToolkit"/>
    <property name="file.encoding.pkg" value="sun.io"/>
    <property name="java.specification.version" value="1.8"/>
    <property name="sun.cpu.isalist" value=""/>
    <property name="sun.jnu.encoding" value="UTF-8"/>
    <property name="java.class.path" value="/Users/rio/Documents/RioApps/CDC/cdc-with-pact-master/user-service/target/test-classes:/Users/rio/Documents/RioApps/CDC/cdc-with-pact-master/user-service/target/classes:/Users/rio/.m2/repository/org/springframework/boot/spring-boot-starter-web/2.1.0.RELEASE/spring-boot-starter-web-2.1.0.RELEASE.jar:/Users/rio/.m2/repository/org/springframework/boot/spring-boot-starter/2.1.0.RELEASE/spring-boot-starter-2.1.0.RELEASE.jar:/Users/rio/.m2/repository/org/springframework/boot/spring-boot/2.1.0.RELEASE/spring-boot-2.1.0.RELEASE.jar:/Users/rio/.m2/repository/org/springframework/boot/spring-boot-autoconfigure/2.1.0.RELEASE/spring-boot-autoconfigure-2.1.0.RELEASE.jar:/Users/rio/.m2/repository/org/springframework/boot/spring-boot-starter-logging/2.1.0.RELEASE/spring-boot-starter-logging-2.1.0.RELEASE.jar:/Users/rio/.m2/repository/ch/qos/logback/logback-classic/1.2.3/logback-classic-1.2.3.jar:/Users/rio/.m2/repository/ch/qos/logback/logback-core/1.2.3/logback-core-1.2.3.jar:/Users/rio/.m2/repository/org/apache/logging/log4j/log4j-to-slf4j/2.11.1/log4j-to-slf4j-2.11.1.jar:/Users/rio/.m2/repository/org/apache/logging/log4j/log4j-api/2.11.1/log4j-api-2.11.1.jar:/Users/rio/.m2/repository/org/slf4j/jul-to-slf4j/1.7.25/jul-to-slf4j-1.7.25.jar:/Users/rio/.m2/repository/javax/annotation/javax.annotation-api/1.3.2/javax.annotation-api-1.3.2.jar:/Users/rio/.m2/repository/org/yaml/snakeyaml/1.23/snakeyaml-1.23.jar:/Users/rio/.m2/repository/org/springframework/boot/spring-boot-starter-json/2.1.0.RELEASE/spring-boot-starter-json-2.1.0.RELEASE.jar:/Users/rio/.m2/repository/com/fasterxml/jackson/core/jackson-databind/2.9.7/jackson-databind-2.9.7.jar:/Users/rio/.m2/repository/com/fasterxml/jackson/datatype/jackson-datatype-jdk8/2.9.7/jackson-datatype-jdk8-2.9.7.jar:/Users/rio/.m2/repository/com/fasterxml/jackson/datatype/jackson-datatype-jsr310/2.9.7/jackson-datatype-jsr310-2.9.7.jar:/Users/rio/.m2/repository/com/fasterxml/jackson/module/jackson-module-parameter-names/2.9.7/jackson-module-parameter-names-2.9.7.jar:/Users/rio/.m2/repository/org/springframework/boot/spring-boot-starter-tomcat/2.1.0.RELEASE/spring-boot-starter-tomcat-2.1.0.RELEASE.jar:/Users/rio/.m2/repository/org/apache/tomcat/embed/tomcat-embed-core/9.0.12/tomcat-embed-core-9.0.12.jar:/Users/rio/.m2/repository/org/apache/tomcat/embed/tomcat-embed-el/9.0.12/tomcat-embed-el-9.0.12.jar:/Users/rio/.m2/repository/org/apache/tomcat/embed/tomcat-embed-websocket/9.0.12/tomcat-embed-websocket-9.0.12.jar:/Users/rio/.m2/repository/org/hibernate/validator/hibernate-validator/6.0.13.Final/hibernate-validator-6.0.13.Final.jar:/Users/rio/.m2/repository/javax/validation/validation-api/2.0.1.Final/validation-api-2.0.1.Final.jar:/Users/rio/.m2/repository/org/jboss/logging/jboss-logging/3.3.2.Final/jboss-logging-3.3.2.Final.jar:/Users/rio/.m2/repository/com/fasterxml/classmate/1.4.0/classmate-1.4.0.jar:/Users/rio/.m2/repository/org/springframework/spring-web/5.1.2.RELEASE/spring-web-5.1.2.RELEASE.jar:/Users/rio/.m2/repository/org/springframework/spring-beans/5.1.2.RELEASE/spring-beans-5.1.2.RELEASE.jar:/Users/rio/.m2/repository/org/springframework/spring-webmvc/5.1.2.RELEASE/spring-webmvc-5.1.2.RELEASE.jar:/Users/rio/.m2/repository/org/springframework/spring-aop/5.1.2.RELEASE/spring-aop-5.1.2.RELEASE.jar:/Users/rio/.m2/repository/org/springframework/spring-context/5.1.2.RELEASE/spring-context-5.1.2.RELEASE.jar:/Users/rio/.m2/repository/org/springframework/spring-expression/5.1.2.RELEASE/spring-expression-5.1.2.RELEASE.jar:/Users/rio/.m2/repository/org/projectlombok/lombok/1.18.2/lombok-1.18.2.jar:/Users/rio/.m2/repository/org/springframework/boot/spring-boot-starter-test/2.1.0.RELEASE/spring-boot-starter-test-2.1.0.RELEASE.jar:/Users/rio/.m2/repository/org/springframework/boot/spring-boot-test/2.1.0.RELEASE/spring-boot-test-2.1.0.RELEASE.jar:/Users/rio/.m2/repository/org/springframework/boot/spring-boot-test-autoconfigure/2.1.0.RELEASE/spring-boot-test-autoconfigure-2.1.0.RELEASE.jar:/Users/rio/.m2/repository/com/jayway/jsonpath/json-path/2.4.0/json-path-2.4.0.jar:/Users/rio/.m2/repository/net/minidev/json-smart/2.3/json-smart-2.3.jar:/Users/rio/.m2/repository/net/minidev/accessors-smart/1.2/accessors-smart-1.2.jar:/Users/rio/.m2/repository/org/ow2/asm/asm/5.0.4/asm-5.0.4.jar:/Users/rio/.m2/repository/org/slf4j/slf4j-api/1.7.25/slf4j-api-1.7.25.jar:/Users/rio/.m2/repository/junit/junit/4.12/junit-4.12.jar:/Users/rio/.m2/repository/org/assertj/assertj-core/3.11.1/assertj-core-3.11.1.jar:/Users/rio/.m2/repository/org/mockito/mockito-core/2.23.0/mockito-core-2.23.0.jar:/Users/rio/.m2/repository/net/bytebuddy/byte-buddy/1.9.3/byte-buddy-1.9.3.jar:/Users/rio/.m2/repository/net/bytebuddy/byte-buddy-agent/1.9.3/byte-buddy-agent-1.9.3.jar:/Users/rio/.m2/repository/org/objenesis/objenesis/2.6/objenesis-2.6.jar:/Users/rio/.m2/repository/org/hamcrest/hamcrest-core/1.3/hamcrest-core-1.3.jar:/Users/rio/.m2/repository/org/hamcrest/hamcrest-library/1.3/hamcrest-library-1.3.jar:/Users/rio/.m2/repository/org/skyscreamer/jsonassert/1.5.0/jsonassert-1.5.0.jar:/Users/rio/.m2/repository/com/vaadin/external/google/android-json/0.0.20131108.vaadin1/android-json-0.0.20131108.vaadin1.jar:/Users/rio/.m2/repository/org/springframework/spring-core/5.1.2.RELEASE/spring-core-5.1.2.RELEASE.jar:/Users/rio/.m2/repository/org/springframework/spring-jcl/5.1.2.RELEASE/spring-jcl-5.1.2.RELEASE.jar:/Users/rio/.m2/repository/org/springframework/spring-test/5.1.2.RELEASE/spring-test-5.1.2.RELEASE.jar:/Users/rio/.m2/repository/org/xmlunit/xmlunit-core/2.6.2/xmlunit-core-2.6.2.jar:/Users/rio/.m2/repository/au/com/dius/pact-jvm-provider-spring/4.0.1/pact-jvm-provider-spring-4.0.1.jar:/Users/rio/.m2/repository/javax/servlet/javax.servlet-api/4.0.1/javax.servlet-api-4.0.1.jar:/Users/rio/.m2/repository/com/fasterxml/jackson/datatype/jackson-datatype-joda/2.9.7/jackson-datatype-joda-2.9.7.jar:/Users/rio/.m2/repository/com/fasterxml/jackson/core/jackson-annotations/2.9.0/jackson-annotations-2.9.0.jar:/Users/rio/.m2/repository/com/fasterxml/jackson/core/jackson-core/2.9.7/jackson-core-2.9.7.jar:/Users/rio/.m2/repository/joda-time/joda-time/2.10.1/joda-time-2.10.1.jar:/Users/rio/.m2/repository/au/com/dius/pact-jvm-provider-junit/4.0.1/pact-jvm-provider-junit-4.0.1.jar:/Users/rio/.m2/repository/org/apache/httpcomponents/fluent-hc/4.5.6/fluent-hc-4.5.6.jar:/Users/rio/.m2/repository/commons-logging/commons-logging/1.2/commons-logging-1.2.jar:/Users/rio/.m2/repository/org/apache/httpcomponents/httpclient/4.5.6/httpclient-4.5.6.jar:/Users/rio/.m2/repository/org/apache/httpcomponents/httpcore/4.4.10/httpcore-4.4.10.jar:/Users/rio/.m2/repository/commons-codec/commons-codec/1.11/commons-codec-1.11.jar:/Users/rio/.m2/repository/org/apache/commons/commons-lang3/3.8.1/commons-lang3-3.8.1.jar:/Users/rio/.m2/repository/org/jooq/jool/0.9.14/jool-0.9.14.jar:/Users/rio/.m2/repository/com/github/rholder/guava-retrying/2.0.0/guava-retrying-2.0.0.jar:/Users/rio/.m2/repository/com/google/guava/guava/30.1.1-jre/guava-30.1.1-jre.jar:/Users/rio/.m2/repository/com/google/guava/failureaccess/1.0.1/failureaccess-1.0.1.jar:/Users/rio/.m2/repository/com/google/guava/listenablefuture/9999.0-empty-to-avoid-conflict-with-guava/listenablefuture-9999.0-empty-to-avoid-conflict-with-guava.jar:/Users/rio/.m2/repository/org/checkerframework/checker-qual/3.8.0/checker-qual-3.8.0.jar:/Users/rio/.m2/repository/com/google/errorprone/error_prone_annotations/2.5.1/error_prone_annotations-2.5.1.jar:/Users/rio/.m2/repository/com/google/j2objc/j2objc-annotations/1.3/j2objc-annotations-1.3.jar:/Users/rio/.m2/repository/com/google/code/findbugs/jsr305/2.0.2/jsr305-2.0.2.jar:/Users/rio/.m2/repository/javax/mail/mail/1.5.0-b01/mail-1.5.0-b01.jar:/Users/rio/.m2/repository/javax/activation/activation/1.1/activation-1.1.jar:/Users/rio/.m2/repository/au/com/dius/pact-jvm-core-support/4.0.1/pact-jvm-core-support-4.0.1.jar:/Users/rio/.m2/repository/org/antlr/antlr4/4.7.2/antlr4-4.7.2.jar:/Users/rio/.m2/repository/org/antlr/antlr4-runtime/4.7.2/antlr4-runtime-4.7.2.jar:/Users/rio/.m2/repository/org/antlr/antlr-runtime/3.5.2/antlr-runtime-3.5.2.jar:/Users/rio/.m2/repository/org/antlr/ST4/4.1/ST4-4.1.jar:/Users/rio/.m2/repository/org/abego/treelayout/org.abego.treelayout.core/1.0.3/org.abego.treelayout.core-1.0.3.jar:/Users/rio/.m2/repository/org/glassfish/javax.json/1.0.4/javax.json-1.0.4.jar:/Users/rio/.m2/repository/com/ibm/icu/icu4j/61.1/icu4j-61.1.jar:/Users/rio/.m2/repository/com/google/code/gson/gson/2.8.5/gson-2.8.5.jar:/Users/rio/.m2/repository/io/github/microutils/kotlin-logging/1.6.26/kotlin-logging-1.6.26.jar:/Users/rio/.m2/repository/io/github/microutils/kotlin-logging-common/1.6.26/kotlin-logging-common-1.6.26.jar:/Users/rio/.m2/repository/org/jetbrains/kotlin/kotlin-stdlib-jdk8/1.2.51/kotlin-stdlib-jdk8-1.2.51.jar:/Users/rio/.m2/repository/org/jetbrains/kotlin/kotlin-stdlib/1.2.51/kotlin-stdlib-1.2.51.jar:/Users/rio/.m2/repository/org/jetbrains/kotlin/kotlin-stdlib-common/1.2.51/kotlin-stdlib-common-1.2.51.jar:/Users/rio/.m2/repository/org/jetbrains/annotations/13.0/annotations-13.0.jar:/Users/rio/.m2/repository/org/jetbrains/kotlin/kotlin-stdlib-jdk7/1.2.51/kotlin-stdlib-jdk7-1.2.51.jar:/Users/rio/.m2/repository/org/jetbrains/kotlin/kotlin-reflect/1.2.51/kotlin-reflect-1.2.51.jar:/Users/rio/.m2/repository/com/github/salomonbrys/kotson/kotson/2.5.0/kotson-2.5.0.jar:/Users/rio/.m2/repository/au/com/dius/pact-jvm-provider/4.0.1/pact-jvm-provider-4.0.1.jar:/Users/rio/.m2/repository/commons-io/commons-io/2.5/commons-io-2.5.jar:/Users/rio/.m2/repository/org/fusesource/jansi/jansi/1.17.1/jansi-1.17.1.jar:/Users/rio/.m2/repository/au/com/dius/pact-jvm-core-model/4.0.1/pact-jvm-core-model-4.0.1.jar:/Users/rio/.m2/repository/com/github/zafarkhaja/java-semver/0.9.0/java-semver-0.9.0.jar:/Users/rio/.m2/repository/org/apache/commons/commons-collections4/4.1/commons-collections4-4.1.jar:/Users/rio/.m2/repository/com/github/mifmif/generex/1.0.2/generex-1.0.2.jar:/Users/rio/.m2/repository/dk/brics/automaton/automaton/1.11-8/automaton-1.11-8.jar:/Users/rio/.m2/repository/com/amazonaws/aws-java-sdk-s3/1.11.587/aws-java-sdk-s3-1.11.587.jar:/Users/rio/.m2/repository/com/amazonaws/aws-java-sdk-kms/1.11.587/aws-java-sdk-kms-1.11.587.jar:/Users/rio/.m2/repository/com/amazonaws/aws-java-sdk-core/1.11.587/aws-java-sdk-core-1.11.587.jar:/Users/rio/.m2/repository/software/amazon/ion/ion-java/1.0.2/ion-java-1.0.2.jar:/Users/rio/.m2/repository/com/fasterxml/jackson/dataformat/jackson-dataformat-cbor/2.9.7/jackson-dataformat-cbor-2.9.7.jar:/Users/rio/.m2/repository/com/amazonaws/jmespath-java/1.11.587/jmespath-java-1.11.587.jar:/Users/rio/.m2/repository/au/com/dius/pact-jvm-core-pact-broker/4.0.1/pact-jvm-core-pact-broker-4.0.1.jar:/Users/rio/.m2/repository/org/dmfs/rfc3986-uri/0.8/rfc3986-uri-0.8.jar:/Users/rio/.m2/repository/org/dmfs/iterators/1.5/iterators-1.5.jar:/Users/rio/.m2/repository/org/dmfs/optional/0.3/optional-0.3.jar:/Users/rio/.m2/repository/au/com/dius/pact-jvm-core-matchers/4.0.1/pact-jvm-core-matchers-4.0.1.jar:/Users/rio/.m2/repository/com/googlecode/java-diff-utils/diffutils/1.3.0/diffutils-1.3.0.jar:/Users/rio/.m2/repository/xerces/xercesImpl/2.9.1/xercesImpl-2.9.1.jar:/Users/rio/.m2/repository/org/atteo/evo-inflector/1.2.2/evo-inflector-1.2.2.jar:/Users/rio/.m2/repository/io/arrow-kt/arrow-core-extensions/0.9.0/arrow-core-extensions-0.9.0.jar:/Users/rio/.m2/repository/io/arrow-kt/arrow-annotations/0.9.0/arrow-annotations-0.9.0.jar:/Users/rio/.m2/repository/io/kindedj/kindedj/1.1.0/kindedj-1.1.0.jar:/Users/rio/.m2/repository/io/arrow-kt/arrow-typeclasses/0.9.0/arrow-typeclasses-0.9.0.jar:/Users/rio/.m2/repository/io/arrow-kt/arrow-core-data/0.9.0/arrow-core-data-0.9.0.jar:/Users/rio/.m2/repository/org/scala-lang/scala-library/2.12.8/scala-library-2.12.8.jar:/Users/rio/.m2/repository/io/github/classgraph/classgraph/4.8.25/classgraph-4.8.25.jar:/Users/rio/.m2/repository/org/codehaus/groovy/groovy/2.5.3/groovy-2.5.3.jar:"/>
    <property name="java.vm.vendor" value="Oracle Corporation"/>
    <property name="sun.arch.data.model" value="64"/>
    <property name="java.vendor.url" value="http://java.oracle.com/"/>
    <property name="user.timezone" value=""/>
    <property name="java.vm.specification.version" value="1.8"/>
    <property name="os.name" value="Mac OS X"/>
    <property name="user.country" value="VN"/>
    <property name="sun.java.launcher" value="SUN_STANDARD"/>
    <property name="sun.boot.library.path" value="/Library/Java/JavaVirtualMachines/jdk1.8.0_221.jdk/Contents/Home/jre/lib"/>
    <property name="sun.java.command" value="/Users/rio/Documents/RioApps/CDC/cdc-with-pact-master/user-service/target/surefire/surefirebooter3983025531707781675.jar /Users/rio/Documents/RioApps/CDC/cdc-with-pact-master/user-service/target/surefire 2021-03-26T14-50-24_498-jvmRun1 surefire3840610466596121972tmp surefire_08816120578858297157tmp"/>
    <property name="http.nonProxyHosts" value="local|*.local|169.254/16|*.169.254/16"/>
    <property name="surefire.test.class.path" value="/Users/rio/Documents/RioApps/CDC/cdc-with-pact-master/user-service/target/test-classes:/Users/rio/Documents/RioApps/CDC/cdc-with-pact-master/user-service/target/classes:/Users/rio/.m2/repository/org/springframework/boot/spring-boot-starter-web/2.1.0.RELEASE/spring-boot-starter-web-2.1.0.RELEASE.jar:/Users/rio/.m2/repository/org/springframework/boot/spring-boot-starter/2.1.0.RELEASE/spring-boot-starter-2.1.0.RELEASE.jar:/Users/rio/.m2/repository/org/springframework/boot/spring-boot/2.1.0.RELEASE/spring-boot-2.1.0.RELEASE.jar:/Users/rio/.m2/repository/org/springframework/boot/spring-boot-autoconfigure/2.1.0.RELEASE/spring-boot-autoconfigure-2.1.0.RELEASE.jar:/Users/rio/.m2/repository/org/springframework/boot/spring-boot-starter-logging/2.1.0.RELEASE/spring-boot-starter-logging-2.1.0.RELEASE.jar:/Users/rio/.m2/repository/ch/qos/logback/logback-classic/1.2.3/logback-classic-1.2.3.jar:/Users/rio/.m2/repository/ch/qos/logback/logback-core/1.2.3/logback-core-1.2.3.jar:/Users/rio/.m2/repository/org/apache/logging/log4j/log4j-to-slf4j/2.11.1/log4j-to-slf4j-2.11.1.jar:/Users/rio/.m2/repository/org/apache/logging/log4j/log4j-api/2.11.1/log4j-api-2.11.1.jar:/Users/rio/.m2/repository/org/slf4j/jul-to-slf4j/1.7.25/jul-to-slf4j-1.7.25.jar:/Users/rio/.m2/repository/javax/annotation/javax.annotation-api/1.3.2/javax.annotation-api-1.3.2.jar:/Users/rio/.m2/repository/org/yaml/snakeyaml/1.23/snakeyaml-1.23.jar:/Users/rio/.m2/repository/org/springframework/boot/spring-boot-starter-json/2.1.0.RELEASE/spring-boot-starter-json-2.1.0.RELEASE.jar:/Users/rio/.m2/repository/com/fasterxml/jackson/core/jackson-databind/2.9.7/jackson-databind-2.9.7.jar:/Users/rio/.m2/repository/com/fasterxml/jackson/datatype/jackson-datatype-jdk8/2.9.7/jackson-datatype-jdk8-2.9.7.jar:/Users/rio/.m2/repository/com/fasterxml/jackson/datatype/jackson-datatype-jsr310/2.9.7/jackson-datatype-jsr310-2.9.7.jar:/Users/rio/.m2/repository/com/fasterxml/jackson/module/jackson-module-parameter-names/2.9.7/jackson-module-parameter-names-2.9.7.jar:/Users/rio/.m2/repository/org/springframework/boot/spring-boot-starter-tomcat/2.1.0.RELEASE/spring-boot-starter-tomcat-2.1.0.RELEASE.jar:/Users/rio/.m2/repository/org/apache/tomcat/embed/tomcat-embed-core/9.0.12/tomcat-embed-core-9.0.12.jar:/Users/rio/.m2/repository/org/apache/tomcat/embed/tomcat-embed-el/9.0.12/tomcat-embed-el-9.0.12.jar:/Users/rio/.m2/repository/org/apache/tomcat/embed/tomcat-embed-websocket/9.0.12/tomcat-embed-websocket-9.0.12.jar:/Users/rio/.m2/repository/org/hibernate/validator/hibernate-validator/6.0.13.Final/hibernate-validator-6.0.13.Final.jar:/Users/rio/.m2/repository/javax/validation/validation-api/2.0.1.Final/validation-api-2.0.1.Final.jar:/Users/rio/.m2/repository/org/jboss/logging/jboss-logging/3.3.2.Final/jboss-logging-3.3.2.Final.jar:/Users/rio/.m2/repository/com/fasterxml/classmate/1.4.0/classmate-1.4.0.jar:/Users/rio/.m2/repository/org/springframework/spring-web/5.1.2.RELEASE/spring-web-5.1.2.RELEASE.jar:/Users/rio/.m2/repository/org/springframework/spring-beans/5.1.2.RELEASE/spring-beans-5.1.2.RELEASE.jar:/Users/rio/.m2/repository/org/springframework/spring-webmvc/5.1.2.RELEASE/spring-webmvc-5.1.2.RELEASE.jar:/Users/rio/.m2/repository/org/springframework/spring-aop/5.1.2.RELEASE/spring-aop-5.1.2.RELEASE.jar:/Users/rio/.m2/repository/org/springframework/spring-context/5.1.2.RELEASE/spring-context-5.1.2.RELEASE.jar:/Users/rio/.m2/repository/org/springframework/spring-expression/5.1.2.RELEASE/spring-expression-5.1.2.RELEASE.jar:/Users/rio/.m2/repository/org/projectlombok/lombok/1.18.2/lombok-1.18.2.jar:/Users/rio/.m2/repository/org/springframework/boot/spring-boot-starter-test/2.1.0.RELEASE/spring-boot-starter-test-2.1.0.RELEASE.jar:/Users/rio/.m2/repository/org/springframework/boot/spring-boot-test/2.1.0.RELEASE/spring-boot-test-2.1.0.RELEASE.jar:/Users/rio/.m2/repository/org/springframework/boot/spring-boot-test-autoconfigure/2.1.0.RELEASE/spring-boot-test-autoconfigure-2.1.0.RELEASE.jar:/Users/rio/.m2/repository/com/jayway/jsonpath/json-path/2.4.0/json-path-2.4.0.jar:/Users/rio/.m2/repository/net/minidev/json-smart/2.3/json-smart-2.3.jar:/Users/rio/.m2/repository/net/minidev/accessors-smart/1.2/accessors-smart-1.2.jar:/Users/rio/.m2/repository/org/ow2/asm/asm/5.0.4/asm-5.0.4.jar:/Users/rio/.m2/repository/org/slf4j/slf4j-api/1.7.25/slf4j-api-1.7.25.jar:/Users/rio/.m2/repository/junit/junit/4.12/junit-4.12.jar:/Users/rio/.m2/repository/org/assertj/assertj-core/3.11.1/assertj-core-3.11.1.jar:/Users/rio/.m2/repository/org/mockito/mockito-core/2.23.0/mockito-core-2.23.0.jar:/Users/rio/.m2/repository/net/bytebuddy/byte-buddy/1.9.3/byte-buddy-1.9.3.jar:/Users/rio/.m2/repository/net/bytebuddy/byte-buddy-agent/1.9.3/byte-buddy-agent-1.9.3.jar:/Users/rio/.m2/repository/org/objenesis/objenesis/2.6/objenesis-2.6.jar:/Users/rio/.m2/repository/org/hamcrest/hamcrest-core/1.3/hamcrest-core-1.3.jar:/Users/rio/.m2/repository/org/hamcrest/hamcrest-library/1.3/hamcrest-library-1.3.jar:/Users/rio/.m2/repository/org/skyscreamer/jsonassert/1.5.0/jsonassert-1.5.0.jar:/Users/rio/.m2/repository/com/vaadin/external/google/android-json/0.0.20131108.vaadin1/android-json-0.0.20131108.vaadin1.jar:/Users/rio/.m2/repository/org/springframework/spring-core/5.1.2.RELEASE/spring-core-5.1.2.RELEASE.jar:/Users/rio/.m2/repository/org/springframework/spring-jcl/5.1.2.RELEASE/spring-jcl-5.1.2.RELEASE.jar:/Users/rio/.m2/repository/org/springframework/spring-test/5.1.2.RELEASE/spring-test-5.1.2.RELEASE.jar:/Users/rio/.m2/repository/org/xmlunit/xmlunit-core/2.6.2/xmlunit-core-2.6.2.jar:/Users/rio/.m2/repository/au/com/dius/pact-jvm-provider-spring/4.0.1/pact-jvm-provider-spring-4.0.1.jar:/Users/rio/.m2/repository/javax/servlet/javax.servlet-api/4.0.1/javax.servlet-api-4.0.1.jar:/Users/rio/.m2/repository/com/fasterxml/jackson/datatype/jackson-datatype-joda/2.9.7/jackson-datatype-joda-2.9.7.jar:/Users/rio/.m2/repository/com/fasterxml/jackson/core/jackson-annotations/2.9.0/jackson-annotations-2.9.0.jar:/Users/rio/.m2/repository/com/fasterxml/jackson/core/jackson-core/2.9.7/jackson-core-2.9.7.jar:/Users/rio/.m2/repository/joda-time/joda-time/2.10.1/joda-time-2.10.1.jar:/Users/rio/.m2/repository/au/com/dius/pact-jvm-provider-junit/4.0.1/pact-jvm-provider-junit-4.0.1.jar:/Users/rio/.m2/repository/org/apache/httpcomponents/fluent-hc/4.5.6/fluent-hc-4.5.6.jar:/Users/rio/.m2/repository/commons-logging/commons-logging/1.2/commons-logging-1.2.jar:/Users/rio/.m2/repository/org/apache/httpcomponents/httpclient/4.5.6/httpclient-4.5.6.jar:/Users/rio/.m2/repository/org/apache/httpcomponents/httpcore/4.4.10/httpcore-4.4.10.jar:/Users/rio/.m2/repository/commons-codec/commons-codec/1.11/commons-codec-1.11.jar:/Users/rio/.m2/repository/org/apache/commons/commons-lang3/3.8.1/commons-lang3-3.8.1.jar:/Users/rio/.m2/repository/org/jooq/jool/0.9.14/jool-0.9.14.jar:/Users/rio/.m2/repository/com/github/rholder/guava-retrying/2.0.0/guava-retrying-2.0.0.jar:/Users/rio/.m2/repository/com/google/guava/guava/30.1.1-jre/guava-30.1.1-jre.jar:/Users/rio/.m2/repository/com/google/guava/failureaccess/1.0.1/failureaccess-1.0.1.jar:/Users/rio/.m2/repository/com/google/guava/listenablefuture/9999.0-empty-to-avoid-conflict-with-guava/listenablefuture-9999.0-empty-to-avoid-conflict-with-guava.jar:/Users/rio/.m2/repository/org/checkerframework/checker-qual/3.8.0/checker-qual-3.8.0.jar:/Users/rio/.m2/repository/com/google/errorprone/error_prone_annotations/2.5.1/error_prone_annotations-2.5.1.jar:/Users/rio/.m2/repository/com/google/j2objc/j2objc-annotations/1.3/j2objc-annotations-1.3.jar:/Users/rio/.m2/repository/com/google/code/findbugs/jsr305/2.0.2/jsr305-2.0.2.jar:/Users/rio/.m2/repository/javax/mail/mail/1.5.0-b01/mail-1.5.0-b01.jar:/Users/rio/.m2/repository/javax/activation/activation/1.1/activation-1.1.jar:/Users/rio/.m2/repository/au/com/dius/pact-jvm-core-support/4.0.1/pact-jvm-core-support-4.0.1.jar:/Users/rio/.m2/repository/org/antlr/antlr4/4.7.2/antlr4-4.7.2.jar:/Users/rio/.m2/repository/org/antlr/antlr4-runtime/4.7.2/antlr4-runtime-4.7.2.jar:/Users/rio/.m2/repository/org/antlr/antlr-runtime/3.5.2/antlr-runtime-3.5.2.jar:/Users/rio/.m2/repository/org/antlr/ST4/4.1/ST4-4.1.jar:/Users/rio/.m2/repository/org/abego/treelayout/org.abego.treelayout.core/1.0.3/org.abego.treelayout.core-1.0.3.jar:/Users/rio/.m2/repository/org/glassfish/javax.json/1.0.4/javax.json-1.0.4.jar:/Users/rio/.m2/repository/com/ibm/icu/icu4j/61.1/icu4j-61.1.jar:/Users/rio/.m2/repository/com/google/code/gson/gson/2.8.5/gson-2.8.5.jar:/Users/rio/.m2/repository/io/github/microutils/kotlin-logging/1.6.26/kotlin-logging-1.6.26.jar:/Users/rio/.m2/repository/io/github/microutils/kotlin-logging-common/1.6.26/kotlin-logging-common-1.6.26.jar:/Users/rio/.m2/repository/org/jetbrains/kotlin/kotlin-stdlib-jdk8/1.2.51/kotlin-stdlib-jdk8-1.2.51.jar:/Users/rio/.m2/repository/org/jetbrains/kotlin/kotlin-stdlib/1.2.51/kotlin-stdlib-1.2.51.jar:/Users/rio/.m2/repository/org/jetbrains/kotlin/kotlin-stdlib-common/1.2.51/kotlin-stdlib-common-1.2.51.jar:/Users/rio/.m2/repository/org/jetbrains/annotations/13.0/annotations-13.0.jar:/Users/rio/.m2/repository/org/jetbrains/kotlin/kotlin-stdlib-jdk7/1.2.51/kotlin-stdlib-jdk7-1.2.51.jar:/Users/rio/.m2/repository/org/jetbrains/kotlin/kotlin-reflect/1.2.51/kotlin-reflect-1.2.51.jar:/Users/rio/.m2/repository/com/github/salomonbrys/kotson/kotson/2.5.0/kotson-2.5.0.jar:/Users/rio/.m2/repository/au/com/dius/pact-jvm-provider/4.0.1/pact-jvm-provider-4.0.1.jar:/Users/rio/.m2/repository/commons-io/commons-io/2.5/commons-io-2.5.jar:/Users/rio/.m2/repository/org/fusesource/jansi/jansi/1.17.1/jansi-1.17.1.jar:/Users/rio/.m2/repository/au/com/dius/pact-jvm-core-model/4.0.1/pact-jvm-core-model-4.0.1.jar:/Users/rio/.m2/repository/com/github/zafarkhaja/java-semver/0.9.0/java-semver-0.9.0.jar:/Users/rio/.m2/repository/org/apache/commons/commons-collections4/4.1/commons-collections4-4.1.jar:/Users/rio/.m2/repository/com/github/mifmif/generex/1.0.2/generex-1.0.2.jar:/Users/rio/.m2/repository/dk/brics/automaton/automaton/1.11-8/automaton-1.11-8.jar:/Users/rio/.m2/repository/com/amazonaws/aws-java-sdk-s3/1.11.587/aws-java-sdk-s3-1.11.587.jar:/Users/rio/.m2/repository/com/amazonaws/aws-java-sdk-kms/1.11.587/aws-java-sdk-kms-1.11.587.jar:/Users/rio/.m2/repository/com/amazonaws/aws-java-sdk-core/1.11.587/aws-java-sdk-core-1.11.587.jar:/Users/rio/.m2/repository/software/amazon/ion/ion-java/1.0.2/ion-java-1.0.2.jar:/Users/rio/.m2/repository/com/fasterxml/jackson/dataformat/jackson-dataformat-cbor/2.9.7/jackson-dataformat-cbor-2.9.7.jar:/Users/rio/.m2/repository/com/amazonaws/jmespath-java/1.11.587/jmespath-java-1.11.587.jar:/Users/rio/.m2/repository/au/com/dius/pact-jvm-core-pact-broker/4.0.1/pact-jvm-core-pact-broker-4.0.1.jar:/Users/rio/.m2/repository/org/dmfs/rfc3986-uri/0.8/rfc3986-uri-0.8.jar:/Users/rio/.m2/repository/org/dmfs/iterators/1.5/iterators-1.5.jar:/Users/rio/.m2/repository/org/dmfs/optional/0.3/optional-0.3.jar:/Users/rio/.m2/repository/au/com/dius/pact-jvm-core-matchers/4.0.1/pact-jvm-core-matchers-4.0.1.jar:/Users/rio/.m2/repository/com/googlecode/java-diff-utils/diffutils/1.3.0/diffutils-1.3.0.jar:/Users/rio/.m2/repository/xerces/xercesImpl/2.9.1/xercesImpl-2.9.1.jar:/Users/rio/.m2/repository/org/atteo/evo-inflector/1.2.2/evo-inflector-1.2.2.jar:/Users/rio/.m2/repository/io/arrow-kt/arrow-core-extensions/0.9.0/arrow-core-extensions-0.9.0.jar:/Users/rio/.m2/repository/io/arrow-kt/arrow-annotations/0.9.0/arrow-annotations-0.9.0.jar:/Users/rio/.m2/repository/io/kindedj/kindedj/1.1.0/kindedj-1.1.0.jar:/Users/rio/.m2/repository/io/arrow-kt/arrow-typeclasses/0.9.0/arrow-typeclasses-0.9.0.jar:/Users/rio/.m2/repository/io/arrow-kt/arrow-core-data/0.9.0/arrow-core-data-0.9.0.jar:/Users/rio/.m2/repository/org/scala-lang/scala-library/2.12.8/scala-library-2.12.8.jar:/Users/rio/.m2/repository/io/github/classgraph/classgraph/4.8.25/classgraph-4.8.25.jar:/Users/rio/.m2/repository/org/codehaus/groovy/groovy/2.5.3/groovy-2.5.3.jar:"/>
    <property name="sun.cpu.endian" value="little"/>
    <property name="user.home" value="/Users/rio"/>
    <property name="user.language" value="en"/>
    <property name="java.specification.vendor" value="Oracle Corporation"/>
    <property name="java.home" value="/Library/Java/JavaVirtualMachines/jdk1.8.0_221.jdk/Contents/Home/jre"/>
    <property name="basedir" value="/Users/rio/Documents/RioApps/CDC/cdc-with-pact-master/user-service"/>
    <property name="file.separator" value="/"/>
    <property name="line.separator" value="&#10;"/>
    <property name="java.vm.specification.vendor" value="Oracle Corporation"/>
    <property name="java.specification.name" value="Java Platform API Specification"/>
    <property name="java.awt.graphicsenv" value="sun.awt.CGraphicsEnvironment"/>
    <property name="surefire.real.class.path" value="/Users/rio/Documents/RioApps/CDC/cdc-with-pact-master/user-service/target/surefire/surefirebooter3983025531707781675.jar"/>
    <property name="sun.boot.class.path" value="/Library/Java/JavaVirtualMachines/jdk1.8.0_221.jdk/Contents/Home/jre/lib/resources.jar:/Library/Java/JavaVirtualMachines/jdk1.8.0_221.jdk/Contents/Home/jre/lib/rt.jar:/Library/Java/JavaVirtualMachines/jdk1.8.0_221.jdk/Contents/Home/jre/lib/sunrsasign.jar:/Library/Java/JavaVirtualMachines/jdk1.8.0_221.jdk/Contents/Home/jre/lib/jsse.jar:/Library/Java/JavaVirtualMachines/jdk1.8.0_221.jdk/Contents/Home/jre/lib/jce.jar:/Library/Java/JavaVirtualMachines/jdk1.8.0_221.jdk/Contents/Home/jre/lib/charsets.jar:/Library/Java/JavaVirtualMachines/jdk1.8.0_221.jdk/Contents/Home/jre/lib/jfr.jar:/Library/Java/JavaVirtualMachines/jdk1.8.0_221.jdk/Contents/Home/jre/classes"/>
    <property name="sun.management.compiler" value="HotSpot 64-Bit Tiered Compilers"/>
    <property name="ftp.nonProxyHosts" value="local|*.local|169.254/16|*.169.254/16"/>
    <property name="java.runtime.version" value="1.8.0_221-b11"/>
    <property name="user.name" value="rio"/>
    <property name="path.separator" value=":"/>
    <property name="pact.verifier.publishResults" value="true"/>
    <property name="os.version" value="10.16"/>
    <property name="java.endorsed.dirs" value="/Library/Java/JavaVirtualMachines/jdk1.8.0_221.jdk/Contents/Home/jre/lib/endorsed"/>
    <property name="java.runtime.name" value="Java(TM) SE Runtime Environment"/>
    <property name="file.encoding" value="UTF-8"/>
    <property name="java.vm.name" value="Java HotSpot(TM) 64-Bit Server VM"/>
    <property name="localRepository" value="/Users/rio/.m2/repository"/>
    <property name="java.vendor.url.bug" value="http://bugreport.sun.com/bugreport/"/>
    <property name="java.io.tmpdir" value="/var/folders/mz/__nx8xnd67z97s0mqczjk7nr0000gn/T/"/>
    <property name="java.version" value="1.8.0_221"/>
    <property name="user.dir" value="/Users/rio/Documents/RioApps/CDC/cdc-with-pact-master/user-service"/>
    <property name="os.arch" value="x86_64"/>
    <property name="java.vm.specification.name" value="Java Virtual Machine Specification"/>
    <property name="java.awt.printerjob" value="sun.lwawt.macosx.CPrinterJob"/>
    <property name="sun.os.patch.level" value="unknown"/>
    <property name="java.library.path" value="/Users/rio/Library/Java/Extensions:/Library/Java/Extensions:/Network/Library/Java/Extensions:/System/Library/Java/Extensions:/usr/lib/java:."/>
    <property name="java.vm.info" value="mixed mode"/>
    <property name="java.vendor" value="Oracle Corporation"/>
    <property name="java.vm.version" value="25.221-b11"/>
    <property name="java.ext.dirs" value="/Users/rio/Library/Java/Extensions:/Library/Java/JavaVirtualMachines/jdk1.8.0_221.jdk/Contents/Home/jre/lib/ext:/Library/Java/Extensions:/Network/Library/Java/Extensions:/System/Library/Java/Extensions:/usr/lib/java"/>
    <property name="sun.io.unicode.encoding" value="UnicodeBig"/>
    <property name="java.class.version" value="52.0"/>
    <property name="socksNonProxyHosts" value="local|*.local|169.254/16|*.169.254/16"/>
  </properties>
  <testcase name="de.kreuzwerker.cdc.userservice.UserServiceApplicationTests" classname="de.kreuzwerker.cdc.userservice.UserServiceApplicationTests" time="0">
    <skipped/>
  </testcase>
</testsuite>